This file contains any messages produced by compilers while
running configure, to aid debugging if configure makes a mistake.

It was created by configure, which was
generated by GNU Autoconf 2.60.  Invocation command line was

  $ ./configure --with-apr=/usr/bin --with-apr-util=/usr/bin

## --------- ##
## Platform. ##
## --------- ##

hostname = oregano
uname -m = i686
uname -r = 2.4.18-bf2.4-xfs
uname -s = Linux
uname -v = #1 Son Jul 14 09:40:39 CEST 2002

/usr/bin/uname -p = unknown
/bin/uname -X     = unknown

/bin/arch              = i686
/usr/bin/arch -k       = unknown
/usr/convex/getsysinfo = unknown
/usr/bin/hostinfo      = unknown
/bin/machine           = unknown
/usr/bin/oslevel       = unknown
/bin/universe          = unknown

PATH: /usr/lib/oracle/xe/app/oracle/product/10.2.0/server/bin
PATH: /usr/local/ant/bin
PATH: /usr/local/jdk6/bin
PATH: /usr/local/jdk6/jre/bin
PATH: /usr/local/mysql/bin
PATH: /usr/local/mysql/bin
PATH: /usr/local/samba/bin
PATH: /usr/local/bin
PATH: /usr/bin
PATH: /bin
PATH: /usr/bin/X11
PATH: /usr/games
PATH: /usr/local/ant/bin
PATH: /usr/local/ant/bin
PATH: /usr/local/ant/bin
PATH: /usr/local/jdk6/bin
PATH: /home/konno/work/bin


## ----------- ##
## Core tests. ##
## ----------- ##

configure:1895: checking for chosen layout
configure:1897: result: Serf
configure:2091: checking for working mkdir -p
configure:2107: result: yes
configure:2125: checking build system type
configure:2143: result: i686-pc-linux-gnu
configure:2165: checking host system type
configure:2180: result: i686-pc-linux-gnu
configure:2202: checking target system type
configure:2217: result: i686-pc-linux-gnu
configure:2275: checking for APR
configure:2360: result: yes
configure:2637: checking for APR-util
configure:2722: result: yes
configure:2972: checking for gcc
configure:2999: result: i486-linux-gnu-gcc
configure:3237: checking for C compiler version
configure:3244: i486-linux-gnu-gcc --version >&5
i486-linux-gnu-gcc (GCC) 4.1.2 20061115 (prerelease) (Debian 4.1.1-21)
Copyright (C) 2006 Free Software Foundation, Inc.
This is free software; see the source for copying conditions.  There is NO
warranty; not even for MERCHANTABILITY or FITNESS FOR A PARTICULAR PURPOSE.

configure:3247: $? = 0
configure:3254: i486-linux-gnu-gcc -v >&5
Using built-in specs.
Target: i486-linux-gnu
Configured with: ../src/configure -v --enable-languages=c,c++,fortran,objc,obj-c++,treelang --prefix=/usr --enable-shared --with-system-zlib --libexecdir=/usr/lib --without-included-gettext --enable-threads=posix --enable-nls --program-suffix=-4.1 --enable-__cxa_atexit --enable-clocale=gnu --enable-libstdcxx-debug --enable-mpfr --with-tune=i686 --enable-checking=release i486-linux-gnu
Thread model: posix
gcc version 4.1.2 20061115 (prerelease) (Debian 4.1.1-21)
configure:3257: $? = 0
configure:3264: i486-linux-gnu-gcc -V >&5
i486-linux-gnu-gcc: '-V' option must have argument
configure:3267: $? = 1
configure:3290: checking for C compiler default output file name
configure:3317: i486-linux-gnu-gcc  -pipe -Wall -g -O2 -pthread  -DLINUX=2 -D_REENTRANT -D_GNU_SOURCE -D_LARGEFILE64_SOURCE   conftest.c  >&5
configure:3320: $? = 0
configure:3366: result: a.out
configure:3371: checking whether the C compiler works
configure:3381: ./a.out
configure:3384: $? = 0
configure:3401: result: yes
configure:3408: checking whether we are cross compiling
configure:3410: result: no
configure:3413: checking for suffix of executables
configure:3420: i486-linux-gnu-gcc -o conftest  -pipe -Wall -g -O2 -pthread  -DLINUX=2 -D_REENTRANT -D_GNU_SOURCE -D_LARGEFILE64_SOURCE   conftest.c  >&5
configure:3423: $? = 0
configure:3447: result: 
configure:3453: checking for suffix of object files
configure:3479: i486-linux-gnu-gcc -c  -pipe -Wall -g -O2 -pthread  -DLINUX=2 -D_REENTRANT -D_GNU_SOURCE -D_LARGEFILE64_SOURCE conftest.c >&5
configure:3482: $? = 0
configure:3505: result: o
configure:3509: checking whether we are using the GNU C compiler
configure:3538: i486-linux-gnu-gcc -c  -pipe -Wall -g -O2 -pthread  -DLINUX=2 -D_REENTRANT -D_GNU_SOURCE -D_LARGEFILE64_SOURCE conftest.c >&5
configure:3544: $? = 0
configure:3551: test -z "$ac_c_werror_flag" || test ! -s conftest.err
configure:3554: $? = 0
configure:3561: test -s conftest.o
configure:3564: $? = 0
configure:3578: result: yes
configure:3583: checking whether i486-linux-gnu-gcc accepts -g
configure:3613: i486-linux-gnu-gcc -c -g  -DLINUX=2 -D_REENTRANT -D_GNU_SOURCE -D_LARGEFILE64_SOURCE conftest.c >&5
configure:3619: $? = 0
configure:3626: test -z "$ac_c_werror_flag" || test ! -s conftest.err
configure:3629: $? = 0
configure:3636: test -s conftest.o
configure:3639: $? = 0
configure:3769: result: yes
configure:3786: checking for i486-linux-gnu-gcc option to accept ISO C89
configure:3860: i486-linux-gnu-gcc  -c  -pipe -Wall -g -O2 -pthread  -DLINUX=2 -D_REENTRANT -D_GNU_SOURCE -D_LARGEFILE64_SOURCE conftest.c >&5
configure:3866: $? = 0
configure:3873: test -z "$ac_c_werror_flag" || test ! -s conftest.err
configure:3876: $? = 0
configure:3883: test -s conftest.o
configure:3886: $? = 0
configure:3906: result: none needed
configure:3929: checking how to run the C preprocessor
configure:4059: result: i486-linux-gnu-gcc -E
configure:4088: i486-linux-gnu-gcc -E  -DLINUX=2 -D_REENTRANT -D_GNU_SOURCE -D_LARGEFILE64_SOURCE conftest.c
configure:4094: $? = 0
configure:4132: i486-linux-gnu-gcc -E  -DLINUX=2 -D_REENTRANT -D_GNU_SOURCE -D_LARGEFILE64_SOURCE conftest.c
conftest.c:8:28: error: ac_nonexistent.h: No such file or directory
configure:4138: $? = 1
configure: failed program was:
| /* confdefs.h.  */
| #define PACKAGE_NAME ""
| #define PACKAGE_TARNAME ""
| #define PACKAGE_VERSION ""
| #define PACKAGE_STRING ""
| #define PACKAGE_BUGREPORT ""
| /* end confdefs.h.  */
| #include <ac_nonexistent.h>
configure:4195: checking for a BSD-compatible install
configure:4251: result: /usr/bin/install -c
configure:4372: checking for grep that handles long lines and -e
configure:4446: result: /bin/grep
configure:4451: checking for egrep
configure:4529: result: /bin/grep -E
configure:4534: checking for ANSI C header files
configure:4564: i486-linux-gnu-gcc -c  -pipe -Wall -g -O2 -pthread  -DLINUX=2 -D_REENTRANT -D_GNU_SOURCE -D_LARGEFILE64_SOURCE conftest.c >&5
configure:4570: $? = 0
configure:4577: test -z "$ac_c_werror_flag" || test ! -s conftest.err
configure:4580: $? = 0
configure:4587: test -s conftest.o
configure:4590: $? = 0
configure:4686: i486-linux-gnu-gcc -o conftest  -pipe -Wall -g -O2 -pthread  -DLINUX=2 -D_REENTRANT -D_GNU_SOURCE -D_LARGEFILE64_SOURCE   conftest.c  >&5
configure:4689: $? = 0
configure:4695: ./conftest
configure:4698: $? = 0
configure:4715: result: yes
configure:4739: checking for sys/types.h
configure:4760: i486-linux-gnu-gcc -c  -pipe -Wall -g -O2 -pthread  -DLINUX=2 -D_REENTRANT -D_GNU_SOURCE -D_LARGEFILE64_SOURCE conftest.c >&5
configure:4766: $? = 0
configure:4773: test -z "$ac_c_werror_flag" || test ! -s conftest.err
configure:4776: $? = 0
configure:4783: test -s conftest.o
configure:4786: $? = 0
configure:4799: result: yes
configure:4739: checking for sys/stat.h
configure:4760: i486-linux-gnu-gcc -c  -pipe -Wall -g -O2 -pthread  -DLINUX=2 -D_REENTRANT -D_GNU_SOURCE -D_LARGEFILE64_SOURCE conftest.c >&5
configure:4766: $? = 0
configure:4773: test -z "$ac_c_werror_flag" || test ! -s conftest.err
configure:4776: $? = 0
configure:4783: test -s conftest.o
configure:4786: $? = 0
configure:4799: result: yes
configure:4739: checking for stdlib.h
configure:4760: i486-linux-gnu-gcc -c  -pipe -Wall -g -O2 -pthread  -DLINUX=2 -D_REENTRANT -D_GNU_SOURCE -D_LARGEFILE64_SOURCE conftest.c >&5
configure:4766: $? = 0
configure:4773: test -z "$ac_c_werror_flag" || test ! -s conftest.err
configure:4776: $? = 0
configure:4783: test -s conftest.o
configure:4786: $? = 0
configure:4799: result: yes
configure:4739: checking for string.h
configure:4760: i486-linux-gnu-gcc -c  -pipe -Wall -g -O2 -pthread  -DLINUX=2 -D_REENTRANT -D_GNU_SOURCE -D_LARGEFILE64_SOURCE conftest.c >&5
configure:4766: $? = 0
configure:4773: test -z "$ac_c_werror_flag" || test ! -s conftest.err
configure:4776: $? = 0
configure:4783: test -s conftest.o
configure:4786: $? = 0
configure:4799: result: yes
configure:4739: checking for memory.h
configure:4760: i486-linux-gnu-gcc -c  -pipe -Wall -g -O2 -pthread  -DLINUX=2 -D_REENTRANT -D_GNU_SOURCE -D_LARGEFILE64_SOURCE conftest.c >&5
configure:4766: $? = 0
configure:4773: test -z "$ac_c_werror_flag" || test ! -s conftest.err
configure:4776: $? = 0
configure:4783: test -s conftest.o
configure:4786: $? = 0
configure:4799: result: yes
configure:4739: checking for strings.h
configure:4760: i486-linux-gnu-gcc -c  -pipe -Wall -g -O2 -pthread  -DLINUX=2 -D_REENTRANT -D_GNU_SOURCE -D_LARGEFILE64_SOURCE conftest.c >&5
configure:4766: $? = 0
configure:4773: test -z "$ac_c_werror_flag" || test ! -s conftest.err
configure:4776: $? = 0
configure:4783: test -s conftest.o
configure:4786: $? = 0
configure:4799: result: yes
configure:4739: checking for inttypes.h
configure:4760: i486-linux-gnu-gcc -c  -pipe -Wall -g -O2 -pthread  -DLINUX=2 -D_REENTRANT -D_GNU_SOURCE -D_LARGEFILE64_SOURCE conftest.c >&5
configure:4766: $? = 0
configure:4773: test -z "$ac_c_werror_flag" || test ! -s conftest.err
configure:4776: $? = 0
configure:4783: test -s conftest.o
configure:4786: $? = 0
configure:4799: result: yes
configure:4739: checking for stdint.h
configure:4760: i486-linux-gnu-gcc -c  -pipe -Wall -g -O2 -pthread  -DLINUX=2 -D_REENTRANT -D_GNU_SOURCE -D_LARGEFILE64_SOURCE conftest.c >&5
configure:4766: $? = 0
configure:4773: test -z "$ac_c_werror_flag" || test ! -s conftest.err
configure:4776: $? = 0
configure:4783: test -s conftest.o
configure:4786: $? = 0
configure:4799: result: yes
configure:4739: checking for unistd.h
configure:4760: i486-linux-gnu-gcc -c  -pipe -Wall -g -O2 -pthread  -DLINUX=2 -D_REENTRANT -D_GNU_SOURCE -D_LARGEFILE64_SOURCE conftest.c >&5
configure:4766: $? = 0
configure:4773: test -z "$ac_c_werror_flag" || test ! -s conftest.err
configure:4776: $? = 0
configure:4783: test -s conftest.o
configure:4786: $? = 0
configure:4799: result: yes
configure:4821: checking openssl/opensslv.h usability
configure:4838: i486-linux-gnu-gcc -c  -pipe -Wall -g -O2 -pthread  -DLINUX=2 -D_REENTRANT -D_GNU_SOURCE -D_LARGEFILE64_SOURCE conftest.c >&5
configure:4844: $? = 0
configure:4851: test -z "$ac_c_werror_flag" || test ! -s conftest.err
configure:4854: $? = 0
configure:4861: test -s conftest.o
configure:4864: $? = 0
configure:4875: result: yes
configure:4879: checking openssl/opensslv.h presence
configure:4894: i486-linux-gnu-gcc -E  -DLINUX=2 -D_REENTRANT -D_GNU_SOURCE -D_LARGEFILE64_SOURCE conftest.c
configure:4900: $? = 0
configure:4921: result: yes
configure:4949: checking for openssl/opensslv.h
configure:4956: result: yes
configure:5129: creating ./config.status

## ---------------------- ##
## Running config.status. ##
## ---------------------- ##

This file was extended by config.status, which was
generated by GNU Autoconf 2.60.  Invocation command line was

  CONFIG_FILES    = 
  CONFIG_HEADERS  = 
  CONFIG_LINKS    = 
  CONFIG_COMMANDS = 
  $ ./config.status 

on oregano

config.status:598: creating Makefile
config.status:783: executing mkdir-vpath commands

## ---------------- ##
## Cache variables. ##
## ---------------- ##

ac_cv_build=i686-pc-linux-gnu
ac_cv_c_compiler_gnu=yes
ac_cv_env_CC_set=
ac_cv_env_CC_value=
ac_cv_env_CFLAGS_set=
ac_cv_env_CFLAGS_value=
ac_cv_env_CPPFLAGS_set=
ac_cv_env_CPPFLAGS_value=
ac_cv_env_CPP_set=
ac_cv_env_CPP_value=
ac_cv_env_LDFLAGS_set=
ac_cv_env_LDFLAGS_value=
ac_cv_env_build_alias_set=
ac_cv_env_build_alias_value=
ac_cv_env_host_alias_set=
ac_cv_env_host_alias_value=
ac_cv_env_target_alias_set=
ac_cv_env_target_alias_value=
ac_cv_header_inttypes_h=yes
ac_cv_header_memory_h=yes
ac_cv_header_openssl_opensslv_h=yes
ac_cv_header_stdc=yes
ac_cv_header_stdint_h=yes
ac_cv_header_stdlib_h=yes
ac_cv_header_string_h=yes
ac_cv_header_strings_h=yes
ac_cv_header_sys_stat_h=yes
ac_cv_header_sys_types_h=yes
ac_cv_header_unistd_h=yes
ac_cv_host=i686-pc-linux-gnu
ac_cv_mkdir_p=yes
ac_cv_objext=o
ac_cv_path_EGREP='/bin/grep -E'
ac_cv_path_GREP=/bin/grep
ac_cv_path_install='/usr/bin/install -c'
ac_cv_prog_CPP='i486-linux-gnu-gcc -E'
ac_cv_prog_ac_ct_CC=i486-linux-gnu-gcc
ac_cv_prog_cc_c89=
ac_cv_prog_cc_g=yes
ac_cv_target=i686-pc-linux-gnu

## ----------------- ##
## Output variables. ##
## ----------------- ##

APR_BINDIR='/usr/bin'
APR_CONFIG='/usr/bin/apr-config'
APR_INCLUDEDIR='/usr/include/apr-1.0'
APR_LIBTOOL='/usr/share/apr-1.0/build/libtool'
APR_VERSION='1.2.7'
APU_BINDIR='/usr/bin'
APU_CONFIG='/usr/bin/apu-1-config'
APU_INCLUDEDIR='/usr/include/apr-1.0'
APU_VERSION='1.2.7'
CC='i486-linux-gnu-gcc'
CFLAGS=' -pipe -Wall -g -O2 -pthread'
CPP='i486-linux-gnu-gcc -E'
CPPFLAGS=' -DLINUX=2 -D_REENTRANT -D_GNU_SOURCE -D_LARGEFILE64_SOURCE'
DEFS='-DPACKAGE_NAME=\"\" -DPACKAGE_TARNAME=\"\" -DPACKAGE_VERSION=\"\" -DPACKAGE_STRING=\"\" -DPACKAGE_BUGREPORT=\"\" -DSTDC_HEADERS=1 -DHAVE_SYS_TYPES_H=1 -DHAVE_SYS_STAT_H=1 -DHAVE_STDLIB_H=1 -DHAVE_STRING_H=1 -DHAVE_MEMORY_H=1 -DHAVE_STRINGS_H=1 -DHAVE_INTTYPES_H=1 -DHAVE_STDINT_H=1 -DHAVE_UNISTD_H=1'
ECHO_C=''
ECHO_N='-n'
ECHO_T=''
EGREP='/bin/grep -E'
EXEEXT=''
GREP='/bin/grep'
INSTALL_DATA='${INSTALL} -m 644'
INSTALL_PROGRAM='${INSTALL}'
INSTALL_SCRIPT='${INSTALL}'
LDFLAGS=' '
LIBOBJS=''
LIBS=''
LTLIBOBJS=''
OBJEXT='o'
PACKAGE_BUGREPORT=''
PACKAGE_NAME=''
PACKAGE_STRING=''
PACKAGE_TARNAME=''
PACKAGE_VERSION=''
PATH_SEPARATOR=':'
SERF_BUILD_SRCLIB_DIRS=''
SERF_CLEAN_SRCLIB_DIRS=''
SERF_DOTTED_VERSION='0.1.2'
SERF_LIBS=' /usr/lib/libaprutil-1.la   /usr/lib/libapr-1.la -luuid -lrt -lcrypt  -lpthread -ldl'
SERF_MAJOR_VERSION='0'
SHELL='/bin/sh'
ac_ct_CC='i486-linux-gnu-gcc'
bindir='${exec_prefix}/bin'
build='i686-pc-linux-gnu'
build_alias=''
build_cpu='i686'
build_os='linux-gnu'
build_vendor='pc'
datadir='${prefix}'
datarootdir='${prefix}/share'
docdir='${datarootdir}/doc/${PACKAGE}'
dvidir='${docdir}'
exec_prefix='${prefix}'
host='i686-pc-linux-gnu'
host_alias=''
host_cpu='i686'
host_os='linux-gnu'
host_vendor='pc'
htmldir='${docdir}'
includedir='${prefix}/include/serf-${SERF_MAJOR_VERSION}'
infodir='${datarootdir}/info'
libdir='${exec_prefix}/lib'
libexecdir='${exec_prefix}/modules'
localedir='${datarootdir}/locale'
localstatedir='${prefix}'
mandir='${prefix}/man'
mkdir_p='mkdir -p'
oldincludedir='/usr/include'
pdfdir='${docdir}'
prefix='/usr/local/serf'
program_transform_name='s,x,x,'
psdir='${docdir}'
sbindir='${exec_prefix}/bin'
sharedstatedir='${prefix}/com'
sysconfdir='${prefix}/conf'
target='i686-pc-linux-gnu'
target_alias=''
target_cpu='i686'
target_os='linux-gnu'
target_vendor='pc'

## ----------- ##
## confdefs.h. ##
## ----------- ##

#define PACKAGE_NAME ""
#define PACKAGE_TARNAME ""
#define PACKAGE_VERSION ""
#define PACKAGE_STRING ""
#define PACKAGE_BUGREPORT ""
#define STDC_HEADERS 1
#define HAVE_SYS_TYPES_H 1
#define HAVE_SYS_STAT_H 1
#define HAVE_STDLIB_H 1
#define HAVE_STRING_H 1
#define HAVE_MEMORY_H 1
#define HAVE_STRINGS_H 1
#define HAVE_INTTYPES_H 1
#define HAVE_STDINT_H 1
#define HAVE_UNISTD_H 1

configure: exit 0
